TN:
SF:script/Counter.s.sol
FN:7,CounterScript.setUp
FNDA:0,CounterScript.setUp
FN:9,CounterScript.run
FNDA:0,CounterScript.run
DA:10,0
FNF:2
FNH:0
LF:1
LH:0
BRF:0
BRH:0
end_of_record
TN:
SF:src/ERC721Marketplace.sol
FN:106,ERC721Marketplace.initialize
FNDA:0,ERC721Marketplace.initialize
DA:107,0
DA:108,0
DA:109,0
DA:110,0
DA:111,0
FN:121,ERC721Marketplace.setTreasury
FNDA:16,ERC721Marketplace.setTreasury
DA:122,15
BRDA:122,0,0,1
BRDA:122,0,1,14
DA:123,14
DA:124,14
FN:129,ERC721Marketplace.setTreasuryPercentage
FNDA:3,ERC721Marketplace.setTreasuryPercentage
DA:130,2
BRDA:130,1,0,1
BRDA:130,1,1,1
DA:131,1
DA:132,1
FN:137,ERC721Marketplace.setUSDT
FNDA:4,ERC721Marketplace.setUSDT
DA:138,3
BRDA:138,2,0,1
BRDA:138,2,1,2
DA:139,2
BRDA:139,3,0,1
BRDA:139,3,1,1
DA:140,1
DA:141,1
FN:146,ERC721Marketplace.setEth
FNDA:3,ERC721Marketplace.setEth
DA:147,3
BRDA:147,4,0,1
BRDA:147,4,1,2
DA:148,2
BRDA:148,5,0,1
BRDA:148,5,1,1
DA:149,1
DA:150,1
FN:156,ERC721Marketplace.addAllowedCurrency
FNDA:4,ERC721Marketplace.addAllowedCurrency
DA:157,4
BRDA:157,6,0,1
BRDA:157,6,1,3
DA:158,1
DA:160,3
BRDA:160,7,0,1
BRDA:160,7,1,2
DA:161,1
DA:163,2
DA:165,2
FN:170,ERC721Marketplace.removeAllowedCurrency
FNDA:2,ERC721Marketplace.removeAllowedCurrency
DA:171,2
BRDA:171,8,0,1
BRDA:171,8,1,1
DA:172,1
DA:174,1
DA:175,1
FN:185,ERC721Marketplace.createAuctionListing
FNDA:17,ERC721Marketplace.createAuctionListing
DA:194,17
BRDA:194,9,0,1
BRDA:194,9,1,16
DA:195,16
BRDA:195,10,0,1
BRDA:195,10,1,15
DA:196,15
BRDA:196,11,0,1
BRDA:196,11,1,14
DA:197,14
BRDA:197,12,0,1
BRDA:197,12,1,13
DA:199,13
FN:207,ERC721Marketplace.createPurchaseListing
FNDA:15,ERC721Marketplace.createPurchaseListing
DA:208,15
BRDA:208,13,0,1
BRDA:208,13,1,14
DA:209,14
BRDA:209,14,0,1
BRDA:209,14,1,13
DA:211,13
FN:217,ERC721Marketplace.buyListing
FNDA:4,ERC721Marketplace.buyListing
DA:218,4
DA:219,4
BRDA:219,15,0,1
BRDA:219,15,1,3
DA:220,3
BRDA:220,16,0,1
BRDA:220,16,1,2
DA:221,2
BRDA:221,17,0,1
BRDA:221,17,1,1
DA:223,1
DA:224,1
BRDA:224,18,0,-
BRDA:224,18,1,-
DA:225,0
DA:226,0
BRDA:226,19,0,-
BRDA:226,19,1,-
DA:228,1
BRDA:228,20,0,-
BRDA:228,20,1,1
DA:229,0
DA:231,1
DA:232,1
DA:235,1
DA:236,1
BRDA:236,21,0,-
BRDA:236,21,1,-
DA:237,0
DA:238,0
BRDA:238,22,0,-
BRDA:238,22,1,-
DA:239,0
DA:240,0
BRDA:240,23,0,-
BRDA:240,23,1,-
DA:242,1
DA:244,1
DA:245,1
DA:246,1
FN:253,ERC721Marketplace.placeBid
FNDA:12,ERC721Marketplace.placeBid
DA:254,12
DA:255,12
BRDA:255,24,0,1
BRDA:255,24,1,11
DA:256,11
BRDA:256,25,0,1
BRDA:256,25,1,10
DA:257,10
BRDA:257,26,0,1
BRDA:257,26,1,9
DA:259,9
BRDA:259,27,0,-
BRDA:259,27,1,-
DA:260,0
DA:261,0
BRDA:261,28,0,-
BRDA:261,28,1,-
DA:263,9
BRDA:263,29,0,1
BRDA:263,29,1,8
DA:264,8
DA:265,8
DA:266,8
DA:269,8
FN:274,ERC721Marketplace.withdrawBid
FNDA:1,ERC721Marketplace.withdrawBid
DA:275,1
DA:277,1
DA:278,1
BRDA:278,30,0,-
BRDA:278,30,1,1
DA:280,1
DA:281,1
DA:283,1
FN:290,ERC721Marketplace.updateDeadline
FNDA:3,ERC721Marketplace.updateDeadline
DA:291,3
DA:292,3
BRDA:292,31,0,1
BRDA:292,31,1,2
DA:293,2
BRDA:293,32,0,1
BRDA:293,32,1,1
DA:294,1
DA:295,1
FN:301,ERC721Marketplace.updatePrice
FNDA:3,ERC721Marketplace.updatePrice
DA:302,3
DA:303,3
BRDA:303,33,0,1
BRDA:303,33,1,2
DA:304,2
BRDA:304,34,0,1
BRDA:304,34,1,1
DA:305,1
DA:306,1
FN:312,ERC721Marketplace.finalizeAuction
FNDA:5,ERC721Marketplace.finalizeAuction
DA:313,5
DA:314,5
BRDA:314,35,0,1
BRDA:314,35,1,4
DA:315,4
BRDA:315,36,0,1
BRDA:315,36,1,3
DA:316,3
BRDA:316,37,0,1
BRDA:316,37,1,2
DA:317,2
BRDA:317,38,0,1
BRDA:317,38,1,1
DA:319,1
DA:320,1
DA:321,1
BRDA:321,39,0,-
BRDA:321,39,1,-
DA:322,0
DA:323,0
BRDA:323,40,0,-
BRDA:323,40,1,-
DA:324,0
DA:325,0
BRDA:325,41,0,-
BRDA:325,41,1,-
DA:327,1
DA:328,1
DA:330,1
DA:332,1
DA:334,1
DA:335,1
FN:348,ERC721Marketplace._createListing
FNDA:26,ERC721Marketplace._createListing
DA:360,26
BRDA:360,42,0,-
BRDA:360,42,1,26
DA:361,26
BRDA:361,43,0,-
BRDA:361,43,1,26
DA:362,26
BRDA:362,44,0,-
BRDA:362,44,1,26
DA:364,26
DA:366,26
DA:367,26
DA:368,26
DA:369,26
DA:370,26
DA:371,26
DA:372,26
DA:373,26
DA:374,26
DA:375,26
DA:377,26
DA:378,26
FN:386,ERC721Marketplace.getCurrencyAmount
FNDA:0,ERC721Marketplace.getCurrencyAmount
DA:387,1
DA:388,1
DA:389,1
FN:396,ERC721Marketplace.getUsdAmount
FNDA:0,ERC721Marketplace.getUsdAmount
DA:397,0
DA:398,0
DA:399,0
FN:403,ERC721Marketplace.getListingCount
FNDA:1,ERC721Marketplace.getListingCount
DA:404,1
FN:410,ERC721Marketplace.getListingBids
FNDA:0,ERC721Marketplace.getListingBids
DA:411,0
FN:418,ERC721Marketplace.getListingBidAmount
FNDA:2,ERC721Marketplace.getListingBidAmount
DA:427,2
FN:432,ERC721Marketplace.getListing
FNDA:10,ERC721Marketplace.getListing
DA:447,10
DA:448,10
DA:449,10
DA:450,10
DA:451,10
DA:452,10
DA:453,10
DA:454,10
DA:455,10
DA:456,10
FNF:22
FNH:18
LF:140
LH:118
BRF:90
BRH:65
end_of_record
TN:
SF:src/Mocks/ERC20Mock.sol
FN:12,ERC20Mock.mint
FNDA:16,ERC20Mock.mint
DA:13,16
FNF:1
FNH:1
LF:1
LH:1
BRF:0
BRH:0
end_of_record
TN:
SF:src/Mocks/ERC20MockWithoutTotalSupply.sol
FN:11,ERC20MockWithoutTotalSupply.mint
FNDA:0,ERC20MockWithoutTotalSupply.mint
DA:12,0
FNF:1
FNH:0
LF:1
LH:0
BRF:0
BRH:0
end_of_record
TN:
SF:src/Mocks/ERC721Mock.sol
FN:15,ERC721Mock.mint
FNDA:3,ERC721Mock.mint
DA:16,3
DA:17,3
DA:18,3
FNF:1
FNH:1
LF:3
LH:3
BRF:0
BRH:0
end_of_record
TN:
SF:src/Mocks/MockPriceFeed.sol
FN:25,MockPriceFeed.setPrice
FNDA:0,MockPriceFeed.setPrice
DA:26,0
FN:29,MockPriceFeed.latestRoundData
FNDA:1,MockPriceFeed.latestRoundData
DA:36,1
FNF:2
FNH:1
LF:2
LH:1
BRF:0
BRH:0
end_of_record
